2016-05-04 09:11:58=CDT [INFO] Yay! Info stuff.
2016-05-04 09:11:58=CDT [ERROR] OOPs! Error Error Error.
2016-05-04 09:12:00=CDT [INFO] Yay! Info stuff.
2016-05-04 09:12:00=CDT [ERROR] OOPs! Error Error Error.
2016-05-04 09:14:04=CDT [INFO] Yay! Info stuff.
2016-05-04 09:14:04=CDT [ERROR] OOPs! Error Error Error.
2016-05-04 09:14:12=CDT [INFO] Yay! Info stuff.
2016-05-04 09:14:12=CDT [ERROR] OOPs! Error Error Error.
2016-05-04 09:16:25=CDT [INFO] Yay! Info stuff.
2016-05-04 09:16:25=CDT [ERROR] OOPs! Error Error Error.
2016-05-04 09:19:32=CDT [ERROR] kjkjk failed login.
2016-05-04 09:19:46=CDT [INFO] guest logged in.
2016-05-04 09:22:22=CDT [ERROR] knkk failed login.
2016-05-04 09:22:38=CDT [INFO] guest logged in.
2016-05-04 09:44:29=CDT [ERROR]  failed login.
2016-05-04 10:20:35=CDT [ERROR]  failed login.
2016-05-04 10:20:37=CDT [ERROR]  failed login.
2016-05-04 10:20:38=CDT [ERROR]  failed login.
2016-05-04 10:20:38=CDT [ERROR]  failed login.
2016-05-04 10:20:39=CDT [ERROR]  failed login.
2016-05-04 10:20:40=CDT [ERROR]  failed login.
2016-05-04 10:20:40=CDT [ERROR]  failed login.
2016-05-04 11:12:34=CDT [INFO] guest logged in.
2016-05-04 11:30:07=CDT [ERROR]  failed login.
2016-05-04 11:30:12=CDT [INFO] guest logged in.
